<?xml version="1.0" encoding="UTF-8"?>
<testsuite xmlns:xsi="http://www.w3.org/2001/XMLSchema-instance" xsi:noNamespaceSchemaLocation="https://maven.apache.org/surefire/maven-surefire-plugin/xsd/surefire-test-report-3.0.xsd" version="3.0" name="com.example.subscription.AppTest" time="1.267" tests="1" errors="0" skipped="0" failures="0">
  <properties>
[...]
</properties>
  <testcase name="contextLoads" classname="com.example.subscription.AppTest" time="0.321">
    <system-out><![CDATA[14:45:30.491 [main] INFO org.springframework.test.context.support.AnnotationConfigContextLoaderUtils -- Could not detect default configuration classes for test class [com.example.subscription.AppTest]: AppTest does not declare any static, non-private, non-final, nested classes annotated with @Configuration.
14:45:30.531 [main] INFO org.springframework.boot.test.context.SpringBootTestContextBootstrapper -- Found @SpringBootConfiguration com.example.subscription.SubscriptionApplication for test class com.example.subscription.AppTest

  .   ____          _            __ _ _
 /\\ / ___'_ __ _ _(_)_ __  __ _ \ \ \ \
( ( )\___ | '_ | '_| | '_ \/ _` | \ \ \ \
 \\/  ___)| |_)| | | | | || (_| |  ) ) ) )
  '  |____| .__|_| |_|_| |_\__, | / / / /
 =========|_|==============|___/=/_/_/_/
 :: Spring Boot ::                (v3.2.0)

2026-01-27T14:45:30.655+05:30  INFO 53904 --- [subscription-billing] [           main] com.example.subscription.AppTest         : Starting AppTest using Java 25.0.1 with PID 53904 (started by nms in /Users/nms/Documents/docker-compose/subscription-billing/subscription-billing)
2026-01-27T14:45:30.655+05:30 DEBUG 53904 --- [subscription-billing] [           main] com.example.subscription.AppTest         : Running with Spring Boot v3.2.0, Spring v6.1.1
2026-01-27T14:45:30.655+05:30  INFO 53904 --- [subscription-billing] [           main] com.example.subscription.AppTest         : No active profile set, falling back to 1 default profile: "default"
2026-01-27T14:45:31.084+05:30  INFO 53904 --- [subscription-billing] [           main] i.t.s.WorkflowServiceStubsImpl           : Created WorkflowServiceStubs for channel: ManagedChannelOrphanWrapper{delegate=ManagedChannelImpl{logId=1, target=localhost:7233}}
2026-01-27T14:45:31.323+05:30  INFO 53904 --- [subscription-billing] [           main] o.s.b.a.e.web.EndpointLinksResolver      : Exposing 1 endpoint(s) beneath base path '/actuator'
2026-01-27T14:45:31.346+05:30  INFO 53904 --- [subscription-billing] [           main] com.example.subscription.AppTest         : Started AppTest in 0.769 seconds (process running for 1.116)
]]></system-out>
    <system-err><![CDATA[SLF4J: Class path contains multiple SLF4J providers.
SLF4J: Found provider [ch.qos.logback.classic.spi.LogbackServiceProvider@7ec7ffd3]
SLF4J: Found provider [org.slf4j.simple.SimpleServiceProvider@5b239d7d]
SLF4J: See https://www.slf4j.org/codes.html#multiple_bindings for an explanation.
SLF4J: Actual provider is of type [ch.qos.logback.classic.spi.LogbackServiceProvider@7ec7ffd3]
WARNING: A Java agent has been loaded dynamically (/Users/nms/.m2/repository/net/bytebuddy/byte-buddy-agent/1.14.10/byte-buddy-agent-1.14.10.jar)
WARNING: If a serviceability tool is in use, please run with -XX:+EnableDynamicAgentLoading to hide this warning
WARNING: If a serviceability tool is not in use, please run with -Djdk.instrument.traceUsage for more information
WARNING: Dynamic loading of agents will be disallowed by default in a future release
]]></system-err>
  </testcase>
</testsuite>